2016-03-13 21:30:16,224 transport.py[line:1430] DEBUG starting thread (client mode): 0x6fb0c8d0
2016-03-13 21:30:16,244 transport.py[line:1430] INFO Connected (version 2.0, client OpenSSH_4.3)
2016-03-13 21:30:16,247 transport.py[line:1430] DEBUG kex algos:['diffie-hellman-group-exchange-sha1', 'diffie-hellman-group14-sha1', 'diffie-hellman-group1-sha1'] server key:['ssh-rsa', 'ssh-dss'] client encrypt:['aes128-cbc', '3des-cbc', 'blowfish-cbc', 'cast128-cbc', 'arcfour128', 'arcfour256', 'arcfour', 'aes192-cbc', 'aes256-cbc', 'rijndael-cbc@lysator.liu.se', 'aes128-ctr', 'aes192-ctr', 'aes256-ctr'] server encrypt:['aes128-cbc', '3des-cbc', 'blowfish-cbc', 'cast128-cbc', 'arcfour128', 'arcfour256', 'arcfour', 'aes192-cbc', 'aes256-cbc', 'rijndael-cbc@lysator.liu.se', 'aes128-ctr', 'aes192-ctr', 'aes256-ctr'] client mac:['hmac-md5', 'hmac-sha1', 'hmac-ripemd160', 'hmac-ripemd160@openssh.com', 'hmac-sha1-96', 'hmac-md5-96'] server mac:['hmac-md5', 'hmac-sha1', 'hmac-ripemd160', 'hmac-ripemd160@openssh.com', 'hmac-sha1-96', 'hmac-md5-96'] client compress:['none', 'zlib@openssh.com'] server compress:['none', 'zlib@openssh.com'] client lang:[''] server lang:[''] kex follows?False
2016-03-13 21:30:16,247 transport.py[line:1430] DEBUG Ciphers agreed: local=aes128-ctr, remote=aes128-ctr
2016-03-13 21:30:16,247 transport.py[line:1430] DEBUG using kex diffie-hellman-group14-sha1; server key type ssh-rsa; cipher: local aes128-ctr, remote aes128-ctr; mac: local hmac-sha1, remote hmac-sha1; compression: local none, remote none
2016-03-13 21:30:16,371 transport.py[line:1430] DEBUG Switch to new keys ...
2016-03-13 21:30:16,372 transport.py[line:1430] DEBUG Attempting password auth...
2016-03-13 21:30:16,414 transport.py[line:1430] DEBUG userauth is OK
2016-03-13 21:30:16,426 transport.py[line:1430] INFO Authentication (password) successful!
2016-03-13 21:30:16,427 channel.py[line:1072] DEBUG [chan 0] Max packet in: 32768 bytes
2016-03-13 21:30:16,563 channel.py[line:1072] DEBUG [chan 0] Max packet out: 32768 bytes
2016-03-13 21:30:16,564 transport.py[line:1430] DEBUG Secsh channel 0 opened.
2016-03-13 21:30:16,571 channel.py[line:1072] DEBUG [chan 0] Sesch channel 0 request ok
2016-03-13 21:30:16,644 sftp.py[line:129] INFO [chan 0] Opened sftp connection (server version 3)
2016-03-13 21:30:16,646 sftp.py[line:129] DEBUG [chan 0] open(b'/home/lmclaim_uat2_dev/patch/app/deploy_test.zip', 'wb')
2016-03-13 21:30:16,655 sftp.py[line:129] DEBUG [chan 0] open(b'/home/lmclaim_uat2_dev/patch/app/deploy_test.zip', 'wb') -> b'00000000'
2016-03-13 21:30:20,884 sftp.py[line:129] DEBUG [chan 0] close(b'00000000')
2016-03-13 21:30:20,928 sftp.py[line:129] DEBUG [chan 0] stat(b'/home/lmclaim_uat2_dev/patch/app/deploy_test.zip')
2016-03-13 21:30:21,035 transport.py[line:1430] DEBUG EOF in transport thread
2016-03-13 21:30:21,042 transport.py[line:1430] DEBUG starting thread (client mode): 0x6d615160
2016-03-13 21:30:21,064 transport.py[line:1430] INFO Connected (version 2.0, client OpenSSH_4.3)
2016-03-13 21:30:21,067 transport.py[line:1430] DEBUG kex algos:['diffie-hellman-group-exchange-sha1', 'diffie-hellman-group14-sha1', 'diffie-hellman-group1-sha1'] server key:['ssh-rsa', 'ssh-dss'] client encrypt:['aes128-cbc', '3des-cbc', 'blowfish-cbc', 'cast128-cbc', 'arcfour128', 'arcfour256', 'arcfour', 'aes192-cbc', 'aes256-cbc', 'rijndael-cbc@lysator.liu.se', 'aes128-ctr', 'aes192-ctr', 'aes256-ctr'] server encrypt:['aes128-cbc', '3des-cbc', 'blowfish-cbc', 'cast128-cbc', 'arcfour128', 'arcfour256', 'arcfour', 'aes192-cbc', 'aes256-cbc', 'rijndael-cbc@lysator.liu.se', 'aes128-ctr', 'aes192-ctr', 'aes256-ctr'] client mac:['hmac-md5', 'hmac-sha1', 'hmac-ripemd160', 'hmac-ripemd160@openssh.com', 'hmac-sha1-96', 'hmac-md5-96'] server mac:['hmac-md5', 'hmac-sha1', 'hmac-ripemd160', 'hmac-ripemd160@openssh.com', 'hmac-sha1-96', 'hmac-md5-96'] client compress:['none', 'zlib@openssh.com'] server compress:['none', 'zlib@openssh.com'] client lang:[''] server lang:[''] kex follows?False
2016-03-13 21:30:21,068 transport.py[line:1430] DEBUG Ciphers agreed: local=aes128-ctr, remote=aes128-ctr
2016-03-13 21:30:21,068 transport.py[line:1430] DEBUG using kex diffie-hellman-group14-sha1; server key type ssh-rsa; cipher: local aes128-ctr, remote aes128-ctr; mac: local hmac-sha1, remote hmac-sha1; compression: local none, remote none
2016-03-13 21:30:21,428 transport.py[line:1430] DEBUG Switch to new keys ...
2016-03-13 21:30:21,430 transport.py[line:1430] DEBUG Adding ssh-rsa host key for 172.16.27.100: b'b1de4422395103d6d9c566adebe830e0'
2016-03-13 21:30:21,434 transport.py[line:1430] DEBUG userauth is OK
2016-03-13 21:30:21,457 transport.py[line:1430] INFO Authentication (password) successful!
2016-03-13 21:30:21,458 channel.py[line:1072] DEBUG [chan 0] Max packet in: 32768 bytes
2016-03-13 21:30:21,588 channel.py[line:1072] DEBUG [chan 0] Max packet out: 32768 bytes
2016-03-13 21:30:21,588 transport.py[line:1430] DEBUG Secsh channel 0 opened.
2016-03-13 21:30:21,596 channel.py[line:1072] DEBUG [chan 0] Sesch channel 0 request ok
2016-03-13 21:30:22,026 channel.py[line:1072] DEBUG [chan 0] EOF received (0)
